\BOOKMARK [0][-]{section*.4}{فهرست تصاویر}{}% 1
\BOOKMARK [0][-]{section*.5}{فهرست جداول}{}% 2
\BOOKMARK [0][-]{section*.5}{فهرست الگوریتم‌ها}{}% 3
\BOOKMARK [0][-]{chapter*.6}{فهرست برنامه‌ها}{}% 4
\BOOKMARK [0][-]{chapter.1}{مقدمه}{}% 5
\BOOKMARK [0][-]{chapter.2}{مبانی تحقیق}{}% 6
\BOOKMARK [1][-]{section.2.1}{تنوع ژنتیکی}{chapter.2}% 7
\BOOKMARK [1][-]{section.2.2}{tumorevolution}{chapter.2}% 8
\BOOKMARK [1][-]{section.2.3}{تکنولوژی‌های توالی‌یابی و variantallelefrequency}{chapter.2}% 9
\BOOKMARK [1][-]{section.2.4}{ناهمگنی ژنومی تومور}{chapter.2}% 10
\BOOKMARK [1][-]{section.2.5}{بازسازی زیر کلونال }{chapter.2}% 11
\BOOKMARK [1][-]{section.2.6}{تغییرات تعداد کپی }{chapter.2}% 12
\BOOKMARK [1][-]{section.2.7}{جهش‌های ساده بدنی }{chapter.2}% 13
\BOOKMARK [1][-]{section.2.8}{allelecdropout}{chapter.2}% 14
\BOOKMARK [1][-]{section.2.9}{مقدمه‌ای بر مدل‌سازی احتمالی }{chapter.2}% 15
\BOOKMARK [2][-]{subsection.2.9.1}{markovchainmontecarlo}{section.2.9}% 16
\BOOKMARK [1][-]{section.2.10}{machinelearning و reinforcementlearning}{chapter.2}% 17
\BOOKMARK [1][-]{section.2.11}{شبکه‌های عصبی بازگشتی}{chapter.2}% 18
\BOOKMARK [2][-]{subsection.2.11.1}{شبکه عصبی بازگشتی چیست؟}{section.2.11}% 19
\BOOKMARK [2][-]{subsection.2.11.2}{مزایای rnn}{section.2.11}% 20
\BOOKMARK [2][-]{subsection.2.11.3}{معایب rnn}{section.2.11}% 21
\BOOKMARK [2][-]{subsection.2.11.4}{کاربردهای rnn}{section.2.11}% 22
\BOOKMARK [2][-]{subsection.2.11.5}{انواع rnn}{section.2.11}% 23
\BOOKMARK [2][-]{subsection.2.11.6}{حافظه‌ی کوتاه‌مدت بلند \(LSTM\)}{section.2.11}% 24
\BOOKMARK [1][-]{section.2.12}{reinforcementlearning}{chapter.2}% 25
\BOOKMARK [2][-]{subsection.2.12.1}{مقدمه و بیشینه تاریخی}{section.2.12}% 26
\BOOKMARK [0][-]{chapter.3}{روش‌های پیشین}{}% 27
\BOOKMARK [0][-]{chapter.4}{روش پیشنهادی}{}% 28
\BOOKMARK [1][-]{section.4.1}{مقدمه}{chapter.4}% 29
\BOOKMARK [1][-]{section.4.2}{معرفی دادگان ورودی}{chapter.4}% 30
\BOOKMARK [1][-]{section.4.3}{روش پیشنهادی اول \(درخت‌بازی\)}{chapter.4}% 31
\BOOKMARK [2][-]{subsection.4.3.1}{پیش‌پردازش}{section.4.3}% 32
\BOOKMARK [3][-]{subsubsection.4.3.1.1}{تصادفی}{subsection.4.3.1}% 33
\BOOKMARK [0][-]{chapter.5}{نتایج تجربی}{}% 34
\BOOKMARK [0][-]{chapter.6}{بحث و نتیجه‌گیری}{}% 35
\BOOKMARK [0][-]{chapter*.40}{مراجع}{}% 36
